<?xml version="1.0" encoding="UTF-8"?>
<TestRun id="70c78f9c-e2e7-4d45-aa3f-6989409282ff" name="Administrator@2011-20120510TM 2013-05-16 10:00:20" runUser="2011-20120510TM\Administrator" xmlns="http://microsoft.com/schemas/VisualStudio/TeamTest/2010">
  <TestSettings name="Local" id="d17bc973-cebe-4dbe-a3ad-3b1dd3e37d79">
    <Description>These are default test settings for a local test run.</Description>
    <Deployment enabled="false" runDeploymentRoot="Administrator_2011-20120510TM 2013-05-16 10_00_20">
      <DeploymentItem filename="D:\uglifycs_808ccbe561db\UglifyCS\packages\ShouldFluent.1.1.12.0\lib\Should.Fluent.dll" />
      <DeploymentItem filename="D:\uglifycs_808ccbe561db\UglifyCS\bin\Debug\UglifyCS.dll" />
    </Deployment>
    <Execution>
      <TestTypeSpecific />
      <AgentRule name="Execution Agents">
      </AgentRule>
    </Execution>
  </TestSettings>
  <Times creation="2013-05-16T10:00:20.6505516+08:00" queuing="2013-05-16T10:00:24.3877654+08:00" start="2013-05-16T10:00:24.6377797+08:00" finish="2013-05-16T10:01:34.9748028+08:00" />
  <ResultSummary outcome="Error">
    <Counters total="12" executed="3" passed="2" error="0" failed="0" timeout="0" aborted="1" inconclusive="0" passedButRunAborted="0" notRunnable="0" notExecuted="9" disconnected="0" warning="0" completed="0" inProgress="0" pending="0" />
    <RunInfos>
      <RunInfo computerName="2011-20120510TM" outcome="Error" timestamp="2013-05-16T10:01:34.8437953+08:00">
        <Text>测试宿主进程意外退出。</Text>
      </RunInfo>
    </RunInfos>
  </ResultSummary>
  <TestDefinitions>
    <UnitTest name="TestJSHintOK" storage="d:\uglifycs_808ccbe561db\uglifycs.tests\bin\debug\uglifycs.tests.dll" id="ce6ca57e-f78f-bfe3-ac29-dc67a2568453">
      <Execution id="3783c01d-dc5c-4c3a-b28b-5232281d2528" />
      <TestMethod codeBase="D:/uglifycs_808ccbe561db/UglifyCS.Tests/bin/Debug/UglifyCS.Tests.DLL" adapterTypeName="Microsoft.VisualStudio.TestTools.TestTypes.Unit.UnitTestAdapter, Microsoft.VisualStudio.QualityTools.Tips.UnitTest.Adapter, Version=10.0.0.0, Culture=neutral, PublicKeyToken=b03f5f7f11d50a3a" className="UglifyCS.Tests.UnitTest1, UglifyCS.Tests, Version=1.0.0.0, Culture=neutral, PublicKeyToken=null" name="TestJSHintOK" />
    </UnitTest>
    <UnitTest name="TestJSHintOptions" storage="d:\uglifycs_808ccbe561db\uglifycs.tests\bin\debug\uglifycs.tests.dll" id="d796ff9f-4be3-479a-5194-47469bf03d5a">
      <Execution id="ae8ef4f4-e5c6-4a8c-973a-400f1f5fc34d" />
      <TestMethod codeBase="D:/uglifycs_808ccbe561db/UglifyCS.Tests/bin/Debug/UglifyCS.Tests.DLL" adapterTypeName="Microsoft.VisualStudio.TestTools.TestTypes.Unit.UnitTestAdapter, Microsoft.VisualStudio.QualityTools.Tips.UnitTest.Adapter, Version=10.0.0.0, Culture=neutral, PublicKeyToken=b03f5f7f11d50a3a" className="UglifyCS.Tests.UnitTest1, UglifyCS.Tests, Version=1.0.0.0, Culture=neutral, PublicKeyToken=null" name="TestJSHintOptions" />
    </UnitTest>
    <UnitTest name="MinifyBadCode" storage="d:\uglifycs_808ccbe561db\uglifycs.tests\bin\debug\uglifycs.tests.dll" id="6d4537f0-152f-eecf-e0ac-45c599bda766">
      <Execution id="ee2ed4f7-1741-413e-8751-487599794556" />
      <TestMethod codeBase="D:/uglifycs_808ccbe561db/UglifyCS.Tests/bin/Debug/UglifyCS.Tests.DLL" adapterTypeName="Microsoft.VisualStudio.TestTools.TestTypes.Unit.UnitTestAdapter, Microsoft.VisualStudio.QualityTools.Tips.UnitTest.Adapter, Version=10.0.0.0, Culture=neutral, PublicKeyToken=b03f5f7f11d50a3a" className="UglifyCS.Tests.UnitTest1, UglifyCS.Tests, Version=1.0.0.0, Culture=neutral, PublicKeyToken=null" name="MinifyBadCode" />
    </UnitTest>
    <UnitTest name="CanRunMultipleTimes_JSHINT" storage="d:\uglifycs_808ccbe561db\uglifycs.tests\bin\debug\uglifycs.tests.dll" id="dfc5d263-368e-9096-0133-7e8a5eac0f27">
      <Execution id="730d9e1c-17b9-467f-80ab-39081c59cdbc" />
      <TestMethod codeBase="D:/uglifycs_808ccbe561db/UglifyCS.Tests/bin/Debug/UglifyCS.Tests.DLL" adapterTypeName="Microsoft.VisualStudio.TestTools.TestTypes.Unit.UnitTestAdapter, Microsoft.VisualStudio.QualityTools.Tips.UnitTest.Adapter, Version=10.0.0.0, Culture=neutral, PublicKeyToken=b03f5f7f11d50a3a" className="UglifyCS.Tests.UnitTest1, UglifyCS.Tests, Version=1.0.0.0, Culture=neutral, PublicKeyToken=null" name="CanRunMultipleTimes_JSHINT" />
    </UnitTest>
    <UnitTest name="CanMinifyJQuery" storage="d:\uglifycs_808ccbe561db\uglifycs.tests\bin\debug\uglifycs.tests.dll" id="6dbab27c-c34e-867d-1ee0-aa259074b410">
      <Execution id="654ab78d-6534-429b-821c-cc5062606072" />
      <TestMethod codeBase="D:/uglifycs_808ccbe561db/UglifyCS.Tests/bin/Debug/UglifyCS.Tests.DLL" adapterTypeName="Microsoft.VisualStudio.TestTools.TestTypes.Unit.UnitTestAdapter, Microsoft.VisualStudio.QualityTools.Tips.UnitTest.Adapter, Version=10.0.0.0, Culture=neutral, PublicKeyToken=b03f5f7f11d50a3a" className="UglifyCS.Tests.UnitTest1, UglifyCS.Tests, Version=1.0.0.0, Culture=neutral, PublicKeyToken=null" name="CanMinifyJQuery" />
    </UnitTest>
    <UnitTest name="CanBeautify" storage="d:\uglifycs_808ccbe561db\uglifycs.tests\bin\debug\uglifycs.tests.dll" id="85393528-1f9f-6f5a-b1b6-18a8c50ab864">
      <Execution id="b94c180f-783e-4efa-8a45-d457667f2f8e" />
      <TestMethod codeBase="D:/uglifycs_808ccbe561db/UglifyCS.Tests/bin/Debug/UglifyCS.Tests.DLL" adapterTypeName="Microsoft.VisualStudio.TestTools.TestTypes.Unit.UnitTestAdapter, Microsoft.VisualStudio.QualityTools.Tips.UnitTest.Adapter, Version=10.0.0.0, Culture=neutral, PublicKeyToken=b03f5f7f11d50a3a" className="UglifyCS.Tests.UnitTest1, UglifyCS.Tests, Version=1.0.0.0, Culture=neutral, PublicKeyToken=null" name="CanBeautify" />
    </UnitTest>
    <UnitTest name="TestJSHintEvalIsEvil" storage="d:\uglifycs_808ccbe561db\uglifycs.tests\bin\debug\uglifycs.tests.dll" id="c529a9e3-8563-b028-f3fb-ac8edd9ef42b">
      <Execution id="2d3c78f0-9a6d-4622-954e-77d2cc3fda61" />
      <TestMethod codeBase="D:/uglifycs_808ccbe561db/UglifyCS.Tests/bin/Debug/UglifyCS.Tests.DLL" adapterTypeName="Microsoft.VisualStudio.TestTools.TestTypes.Unit.UnitTestAdapter, Microsoft.VisualStudio.QualityTools.Tips.UnitTest.Adapter, Version=10.0.0.0, Culture=neutral, PublicKeyToken=b03f5f7f11d50a3a" className="UglifyCS.Tests.UnitTest1, UglifyCS.Tests, Version=1.0.0.0, Culture=neutral, PublicKeyToken=null" name="TestJSHintEvalIsEvil" />
    </UnitTest>
    <UnitTest name="TestCoffeeScript" storage="d:\uglifycs_808ccbe561db\uglifycs.tests\bin\debug\uglifycs.tests.dll" id="478553a7-37cf-efce-3715-9c2bbbe03863">
      <Execution id="ba9e9c29-8693-42e3-809c-9d20cdf32422" />
      <TestMethod codeBase="D:/uglifycs_808ccbe561db/UglifyCS.Tests/bin/Debug/UglifyCS.Tests.DLL" adapterTypeName="Microsoft.VisualStudio.TestTools.TestTypes.Unit.UnitTestAdapter, Microsoft.VisualStudio.QualityTools.Tips.UnitTest.Adapter, Version=10.0.0.0, Culture=neutral, PublicKeyToken=b03f5f7f11d50a3a" className="UglifyCS.Tests.UnitTest1, UglifyCS.Tests, Version=1.0.0.0, Culture=neutral, PublicKeyToken=null" name="TestCoffeeScript" />
    </UnitTest>
    <UnitTest name="CanRunMultipleTimes" storage="d:\uglifycs_808ccbe561db\uglifycs.tests\bin\debug\uglifycs.tests.dll" id="c56fd249-56fc-c6c4-6659-bce036d843f3">
      <Execution id="9a0b06a6-5352-4268-a8d8-b22f7250513e" />
      <TestMethod codeBase="D:/uglifycs_808ccbe561db/UglifyCS.Tests/bin/Debug/UglifyCS.Tests.DLL" adapterTypeName="Microsoft.VisualStudio.TestTools.TestTypes.Unit.UnitTestAdapter, Microsoft.VisualStudio.QualityTools.Tips.UnitTest.Adapter, Version=10.0.0.0, Culture=neutral, PublicKeyToken=b03f5f7f11d50a3a" className="UglifyCS.Tests.UnitTest1, UglifyCS.Tests, Version=1.0.0.0, Culture=neutral, PublicKeyToken=null" name="CanRunMultipleTimes" />
    </UnitTest>
    <UnitTest name="TestCSSLint" storage="d:\uglifycs_808ccbe561db\uglifycs.tests\bin\debug\uglifycs.tests.dll" id="11baa9b6-0aeb-fa72-a24a-5aec6fc5bed9">
      <Execution id="bddbad32-d27c-4d58-a947-ffa16844b02f" />
      <TestMethod codeBase="D:/uglifycs_808ccbe561db/UglifyCS.Tests/bin/Debug/UglifyCS.Tests.DLL" adapterTypeName="Microsoft.VisualStudio.TestTools.TestTypes.Unit.UnitTestAdapter, Microsoft.VisualStudio.QualityTools.Tips.UnitTest.Adapter, Version=10.0.0.0, Culture=neutral, PublicKeyToken=b03f5f7f11d50a3a" className="UglifyCS.Tests.UnitTest1, UglifyCS.Tests, Version=1.0.0.0, Culture=neutral, PublicKeyToken=null" name="TestCSSLint" />
    </UnitTest>
    <UnitTest name="TestJSUnit" storage="d:\uglifycs_808ccbe561db\uglifycs.tests\bin\debug\uglifycs.tests.dll" id="c93b6245-e753-674b-9782-a9b2dcfe4857">
      <Execution id="bffa88e0-fde3-410b-914e-378475dec79a" />
      <TestMethod codeBase="D:/uglifycs_808ccbe561db/UglifyCS.Tests/bin/Debug/UglifyCS.Tests.DLL" adapterTypeName="Microsoft.VisualStudio.TestTools.TestTypes.Unit.UnitTestAdapter, Microsoft.VisualStudio.QualityTools.Tips.UnitTest.Adapter, Version=10.0.0.0, Culture=neutral, PublicKeyToken=b03f5f7f11d50a3a" className="UglifyCS.Tests.UnitTest1, UglifyCS.Tests, Version=1.0.0.0, Culture=neutral, PublicKeyToken=null" name="TestJSUnit" />
    </UnitTest>
    <UnitTest name="BeautifyBadCode" storage="d:\uglifycs_808ccbe561db\uglifycs.tests\bin\debug\uglifycs.tests.dll" id="84b7dc81-1d26-50c6-b4a9-a8fd9442101c">
      <Execution id="e19854fd-3ba2-487a-8e1d-9107cefa4a93" />
      <TestMethod codeBase="D:/uglifycs_808ccbe561db/UglifyCS.Tests/bin/Debug/UglifyCS.Tests.DLL" adapterTypeName="Microsoft.VisualStudio.TestTools.TestTypes.Unit.UnitTestAdapter, Microsoft.VisualStudio.QualityTools.Tips.UnitTest.Adapter, Version=10.0.0.0, Culture=neutral, PublicKeyToken=b03f5f7f11d50a3a" className="UglifyCS.Tests.UnitTest1, UglifyCS.Tests, Version=1.0.0.0, Culture=neutral, PublicKeyToken=null" name="BeautifyBadCode" />
    </UnitTest>
  </TestDefinitions>
  <TestLists>
    <TestList name="列表中未列出的结果" id="8c84fa94-04c1-424b-9868-57a2d4851a1d" />
    <TestList name="所有已加载的结果" id="19431567-8539-422a-85d7-44ee4e166bda" />
  </TestLists>
  <TestEntries>
    <TestEntry testId="c93b6245-e753-674b-9782-a9b2dcfe4857" executionId="bffa88e0-fde3-410b-914e-378475dec79a" testListId="8c84fa94-04c1-424b-9868-57a2d4851a1d" />
    <TestEntry testId="478553a7-37cf-efce-3715-9c2bbbe03863" executionId="ba9e9c29-8693-42e3-809c-9d20cdf32422" testListId="8c84fa94-04c1-424b-9868-57a2d4851a1d" />
    <TestEntry testId="6dbab27c-c34e-867d-1ee0-aa259074b410" executionId="654ab78d-6534-429b-821c-cc5062606072" testListId="8c84fa94-04c1-424b-9868-57a2d4851a1d" />
    <TestEntry testId="6d4537f0-152f-eecf-e0ac-45c599bda766" executionId="ee2ed4f7-1741-413e-8751-487599794556" testListId="8c84fa94-04c1-424b-9868-57a2d4851a1d" />
    <TestEntry testId="84b7dc81-1d26-50c6-b4a9-a8fd9442101c" executionId="e19854fd-3ba2-487a-8e1d-9107cefa4a93" testListId="8c84fa94-04c1-424b-9868-57a2d4851a1d" />
    <TestEntry testId="c529a9e3-8563-b028-f3fb-ac8edd9ef42b" executionId="2d3c78f0-9a6d-4622-954e-77d2cc3fda61" testListId="8c84fa94-04c1-424b-9868-57a2d4851a1d" />
    <TestEntry testId="11baa9b6-0aeb-fa72-a24a-5aec6fc5bed9" executionId="bddbad32-d27c-4d58-a947-ffa16844b02f" testListId="8c84fa94-04c1-424b-9868-57a2d4851a1d" />
    <TestEntry testId="ce6ca57e-f78f-bfe3-ac29-dc67a2568453" executionId="3783c01d-dc5c-4c3a-b28b-5232281d2528" testListId="8c84fa94-04c1-424b-9868-57a2d4851a1d" />
    <TestEntry testId="d796ff9f-4be3-479a-5194-47469bf03d5a" executionId="ae8ef4f4-e5c6-4a8c-973a-400f1f5fc34d" testListId="8c84fa94-04c1-424b-9868-57a2d4851a1d" />
    <TestEntry testId="85393528-1f9f-6f5a-b1b6-18a8c50ab864" executionId="b94c180f-783e-4efa-8a45-d457667f2f8e" testListId="8c84fa94-04c1-424b-9868-57a2d4851a1d" />
    <TestEntry testId="c56fd249-56fc-c6c4-6659-bce036d843f3" executionId="9a0b06a6-5352-4268-a8d8-b22f7250513e" testListId="8c84fa94-04c1-424b-9868-57a2d4851a1d" />
    <TestEntry testId="dfc5d263-368e-9096-0133-7e8a5eac0f27" executionId="730d9e1c-17b9-467f-80ab-39081c59cdbc" testListId="8c84fa94-04c1-424b-9868-57a2d4851a1d" />
  </TestEntries>
  <Results>
    <UnitTestResult executionId="bffa88e0-fde3-410b-914e-378475dec79a" testId="c93b6245-e753-674b-9782-a9b2dcfe4857" testName="TestJSUnit" computerName="2011-20120510TM" duration="00:00:03.2752522" startTime="2013-05-16T10:00:24.8507919+08:00" endTime="2013-05-16T10:00:29.8970805+08:00" testType="13cdc9d9-ddb5-4fa4-a97d-d965ccfc6d4b" outcome="Passed" testListId="8c84fa94-04c1-424b-9868-57a2d4851a1d" relativeResultsDirectory="bffa88e0-fde3-410b-914e-378475dec79a">
      <Output>
        <StdOut>System.IO.DirectoryNotFoundException: 未能找到路径“E:\Repos\DateTime\DateTime.js”的一部分。
   在 System.IO.__Error.WinIOError(Int32 errorCode, String maybeFullPath)
   在 System.IO.FileStream.Init(String path, FileMode mode, FileAccess access, Int32 rights, Boolean useRights, FileShare share, Int32 bufferSize, FileOptions options, SECURITY_ATTRIBUTES secAttrs, String msgPath, Boolean bFromProxy, Boolean useLongPath)
   在 System.IO.FileStream..ctor(String path, FileMode mode, FileAccess access, FileShare share, Int32 bufferSize, FileOptions options)
   在 System.IO.StreamReader..ctor(String path, Encoding encoding, Boolean detectEncodingFromByteOrderMarks, Int32 bufferSize)
   在 System.IO.StreamReader..ctor(String path, Encoding encoding)
   在 System.IO.File.InternalReadAllText(String path, Encoding encoding)
   在 System.IO.File.ReadAllText(String path)
   在 UglifyCS.Extensibility.GetContents(Uri uri) 位置 D:\uglifycs_808ccbe561db\UglifyCS\Extensibility.cs:行号 102
   在 UglifyCS.Extensibility.GetContents(Uri uri, String file) 位置 D:\uglifycs_808ccbe561db\UglifyCS\Extensibility.cs:行号 40
   在 UglifyCS.Environment.GetContents(String file) 位置 D:\uglifycs_808ccbe561db\UglifyCS\Environment.cs:行号 70
   在 UglifyCS.Environment.RunFile(String file) 位置 D:\uglifycs_808ccbe561db\UglifyCS\Environment.cs:行号 78
   在 UglifyCS.JSUnit.OnInit() 位置 D:\uglifycs_808ccbe561db\UglifyCS\JSUnit.cs:行号 21
   在 UglifyCS.Environment.Init() 位置 D:\uglifycs_808ccbe561db\UglifyCS\Environment.cs:行号 34
   在 UglifyCS.Environment.get_Context() 位置 D:\uglifycs_808ccbe561db\UglifyCS\Environment.cs:行号 42
   在 UglifyCS.Environment.Run(String script, Expression`1[] vars) 位置 D:\uglifycs_808ccbe561db\UglifyCS\Environment.cs:行号 66
   在 UglifyCS.JSUnit.Assert(String condition) 位置 D:\uglifycs_808ccbe561db\UglifyCS\JSUnit.cs:行号 28
   在 UglifyCS.Tests.UnitTest1.TestJSUnit() 位置 D:\uglifycs_808ccbe561db\UglifyCS.Tests\UnitTest1.cs:行号 43</StdOut>
      </Output>
    </UnitTestResult>
    <UnitTestResult executionId="ba9e9c29-8693-42e3-809c-9d20cdf32422" testId="478553a7-37cf-efce-3715-9c2bbbe03863" testName="TestCoffeeScript" computerName="2011-20120510TM" duration="00:00:06.8961059" startTime="2013-05-16T10:00:29.9090812+08:00" endTime="2013-05-16T10:00:36.8234767+08:00" testType="13cdc9d9-ddb5-4fa4-a97d-d965ccfc6d4b" outcome="Passed" testListId="8c84fa94-04c1-424b-9868-57a2d4851a1d" relativeResultsDirectory="ba9e9c29-8693-42e3-809c-9d20cdf32422">
    </UnitTestResult>
    <UnitTestResult executionId="654ab78d-6534-429b-821c-cc5062606072" testId="6dbab27c-c34e-867d-1ee0-aa259074b410" testName="CanMinifyJQuery" computerName="2011-20120510TM" duration="00:00:58.0073178" startTime="2013-05-16T10:00:36.8374775+08:00" endTime="2013-05-16T10:01:34.8447953+08:00" testType="13cdc9d9-ddb5-4fa4-a97d-d965ccfc6d4b" outcome="Aborted" testListId="8c84fa94-04c1-424b-9868-57a2d4851a1d" relativeResultsDirectory="654ab78d-6534-429b-821c-cc5062606072">
    </UnitTestResult>
    <UnitTestResult executionId="ee2ed4f7-1741-413e-8751-487599794556" testId="6d4537f0-152f-eecf-e0ac-45c599bda766" testName="MinifyBadCode" computerName="2011-20120510TM" testType="13cdc9d9-ddb5-4fa4-a97d-d965ccfc6d4b" outcome="NotExecuted" testListId="8c84fa94-04c1-424b-9868-57a2d4851a1d" relativeResultsDirectory="ee2ed4f7-1741-413e-8751-487599794556">
    </UnitTestResult>
    <UnitTestResult executionId="e19854fd-3ba2-487a-8e1d-9107cefa4a93" testId="84b7dc81-1d26-50c6-b4a9-a8fd9442101c" testName="BeautifyBadCode" computerName="2011-20120510TM" testType="13cdc9d9-ddb5-4fa4-a97d-d965ccfc6d4b" outcome="NotExecuted" testListId="8c84fa94-04c1-424b-9868-57a2d4851a1d" relativeResultsDirectory="e19854fd-3ba2-487a-8e1d-9107cefa4a93">
    </UnitTestResult>
    <UnitTestResult executionId="2d3c78f0-9a6d-4622-954e-77d2cc3fda61" testId="c529a9e3-8563-b028-f3fb-ac8edd9ef42b" testName="TestJSHintEvalIsEvil" computerName="2011-20120510TM" testType="13cdc9d9-ddb5-4fa4-a97d-d965ccfc6d4b" outcome="NotExecuted" testListId="8c84fa94-04c1-424b-9868-57a2d4851a1d" relativeResultsDirectory="2d3c78f0-9a6d-4622-954e-77d2cc3fda61">
    </UnitTestResult>
    <UnitTestResult executionId="bddbad32-d27c-4d58-a947-ffa16844b02f" testId="11baa9b6-0aeb-fa72-a24a-5aec6fc5bed9" testName="TestCSSLint" computerName="2011-20120510TM" testType="13cdc9d9-ddb5-4fa4-a97d-d965ccfc6d4b" outcome="NotExecuted" testListId="8c84fa94-04c1-424b-9868-57a2d4851a1d" relativeResultsDirectory="bddbad32-d27c-4d58-a947-ffa16844b02f">
    </UnitTestResult>
    <UnitTestResult executionId="3783c01d-dc5c-4c3a-b28b-5232281d2528" testId="ce6ca57e-f78f-bfe3-ac29-dc67a2568453" testName="TestJSHintOK" computerName="2011-20120510TM" testType="13cdc9d9-ddb5-4fa4-a97d-d965ccfc6d4b" outcome="NotExecuted" testListId="8c84fa94-04c1-424b-9868-57a2d4851a1d" relativeResultsDirectory="3783c01d-dc5c-4c3a-b28b-5232281d2528">
    </UnitTestResult>
    <UnitTestResult executionId="ae8ef4f4-e5c6-4a8c-973a-400f1f5fc34d" testId="d796ff9f-4be3-479a-5194-47469bf03d5a" testName="TestJSHintOptions" computerName="2011-20120510TM" testType="13cdc9d9-ddb5-4fa4-a97d-d965ccfc6d4b" outcome="NotExecuted" testListId="8c84fa94-04c1-424b-9868-57a2d4851a1d" relativeResultsDirectory="ae8ef4f4-e5c6-4a8c-973a-400f1f5fc34d">
    </UnitTestResult>
    <UnitTestResult executionId="b94c180f-783e-4efa-8a45-d457667f2f8e" testId="85393528-1f9f-6f5a-b1b6-18a8c50ab864" testName="CanBeautify" computerName="2011-20120510TM" testType="13cdc9d9-ddb5-4fa4-a97d-d965ccfc6d4b" outcome="NotExecuted" testListId="8c84fa94-04c1-424b-9868-57a2d4851a1d" relativeResultsDirectory="b94c180f-783e-4efa-8a45-d457667f2f8e">
    </UnitTestResult>
    <UnitTestResult executionId="9a0b06a6-5352-4268-a8d8-b22f7250513e" testId="c56fd249-56fc-c6c4-6659-bce036d843f3" testName="CanRunMultipleTimes" computerName="2011-20120510TM" testType="13cdc9d9-ddb5-4fa4-a97d-d965ccfc6d4b" outcome="NotExecuted" testListId="8c84fa94-04c1-424b-9868-57a2d4851a1d" relativeResultsDirectory="9a0b06a6-5352-4268-a8d8-b22f7250513e">
    </UnitTestResult>
    <UnitTestResult executionId="730d9e1c-17b9-467f-80ab-39081c59cdbc" testId="dfc5d263-368e-9096-0133-7e8a5eac0f27" testName="CanRunMultipleTimes_JSHINT" computerName="2011-20120510TM" testType="13cdc9d9-ddb5-4fa4-a97d-d965ccfc6d4b" outcome="NotExecuted" testListId="8c84fa94-04c1-424b-9868-57a2d4851a1d" relativeResultsDirectory="730d9e1c-17b9-467f-80ab-39081c59cdbc">
    </UnitTestResult>
  </Results>
</TestRun>