<?xml version="1.0" encoding="UTF-8"?>
<TestRun id="f36a9f58-1086-47ab-b18a-db0772742e3f" name="Administrator@2011-20120510TM 2013-05-16 11:00:48" runUser="2011-20120510TM\Administrator" xmlns="http://microsoft.com/schemas/VisualStudio/TeamTest/2010">
  <TestSettings name="Local" id="d17bc973-cebe-4dbe-a3ad-3b1dd3e37d79">
    <Description>These are default test settings for a local test run.</Description>
    <Deployment enabled="false" runDeploymentRoot="Administrator_2011-20120510TM 2013-05-16 11_00_48">
      <DeploymentItem filename="D:\uglifycs_808ccbe561db\UglifyCS\packages\ShouldFluent.1.1.12.0\lib\Should.Fluent.dll" />
      <DeploymentItem filename="D:\uglifycs_808ccbe561db\UglifyCS\bin\Debug\UglifyCS.dll" />
    </Deployment>
    <Execution>
      <TestTypeSpecific />
      <AgentRule name="Execution Agents">
      </AgentRule>
    </Execution>
  </TestSettings>
  <Times creation="2013-05-16T11:00:48.9670795+08:00" queuing="2013-05-16T11:00:50.3481585+08:00" start="2013-05-16T11:00:50.6391751+08:00" finish="2013-05-16T11:01:41.6580932+08:00" />
  <ResultSummary outcome="Error">
    <Counters total="12" executed="3" passed="2" error="0" failed="0" timeout="0" aborted="1" inconclusive="0" passedButRunAborted="0" notRunnable="0" notExecuted="9" disconnected="0" warning="0" completed="0" inProgress="0" pending="0" />
    <RunInfos>
      <RunInfo computerName="2011-20120510TM" outcome="Error" timestamp="2013-05-16T11:01:41.6560931+08:00">
        <Text>测试宿主进程意外退出。</Text>
      </RunInfo>
    </RunInfos>
  </ResultSummary>
  <TestDefinitions>
    <UnitTest name="TestJSHintOK" storage="d:\uglifycs_808ccbe561db\uglifycs.tests\bin\debug\uglifycs.tests.dll" id="ce6ca57e-f78f-bfe3-ac29-dc67a2568453">
      <Execution id="9fac6e44-66d4-4a32-befa-1a762c59a036" />
      <TestMethod codeBase="D:/uglifycs_808ccbe561db/UglifyCS.Tests/bin/Debug/UglifyCS.Tests.DLL" adapterTypeName="Microsoft.VisualStudio.TestTools.TestTypes.Unit.UnitTestAdapter, Microsoft.VisualStudio.QualityTools.Tips.UnitTest.Adapter, Version=10.0.0.0, Culture=neutral, PublicKeyToken=b03f5f7f11d50a3a" className="UglifyCS.Tests.UnitTest1, UglifyCS.Tests, Version=1.0.0.0, Culture=neutral, PublicKeyToken=null" name="TestJSHintOK" />
    </UnitTest>
    <UnitTest name="TestJSHintOptions" storage="d:\uglifycs_808ccbe561db\uglifycs.tests\bin\debug\uglifycs.tests.dll" id="d796ff9f-4be3-479a-5194-47469bf03d5a">
      <Execution id="c7c59c39-01b5-4add-87a7-46624b8490e0" />
      <TestMethod codeBase="D:/uglifycs_808ccbe561db/UglifyCS.Tests/bin/Debug/UglifyCS.Tests.DLL" adapterTypeName="Microsoft.VisualStudio.TestTools.TestTypes.Unit.UnitTestAdapter, Microsoft.VisualStudio.QualityTools.Tips.UnitTest.Adapter, Version=10.0.0.0, Culture=neutral, PublicKeyToken=b03f5f7f11d50a3a" className="UglifyCS.Tests.UnitTest1, UglifyCS.Tests, Version=1.0.0.0, Culture=neutral, PublicKeyToken=null" name="TestJSHintOptions" />
    </UnitTest>
    <UnitTest name="MinifyBadCode" storage="d:\uglifycs_808ccbe561db\uglifycs.tests\bin\debug\uglifycs.tests.dll" id="6d4537f0-152f-eecf-e0ac-45c599bda766">
      <Execution id="39230610-32a3-456b-9a64-82c8f00ef137" />
      <TestMethod codeBase="D:/uglifycs_808ccbe561db/UglifyCS.Tests/bin/Debug/UglifyCS.Tests.DLL" adapterTypeName="Microsoft.VisualStudio.TestTools.TestTypes.Unit.UnitTestAdapter, Microsoft.VisualStudio.QualityTools.Tips.UnitTest.Adapter, Version=10.0.0.0, Culture=neutral, PublicKeyToken=b03f5f7f11d50a3a" className="UglifyCS.Tests.UnitTest1, UglifyCS.Tests, Version=1.0.0.0, Culture=neutral, PublicKeyToken=null" name="MinifyBadCode" />
    </UnitTest>
    <UnitTest name="CanRunMultipleTimes_JSHINT" storage="d:\uglifycs_808ccbe561db\uglifycs.tests\bin\debug\uglifycs.tests.dll" id="dfc5d263-368e-9096-0133-7e8a5eac0f27">
      <Execution id="61b30865-5a25-4559-96ff-830c1611ff33" />
      <TestMethod codeBase="D:/uglifycs_808ccbe561db/UglifyCS.Tests/bin/Debug/UglifyCS.Tests.DLL" adapterTypeName="Microsoft.VisualStudio.TestTools.TestTypes.Unit.UnitTestAdapter, Microsoft.VisualStudio.QualityTools.Tips.UnitTest.Adapter, Version=10.0.0.0, Culture=neutral, PublicKeyToken=b03f5f7f11d50a3a" className="UglifyCS.Tests.UnitTest1, UglifyCS.Tests, Version=1.0.0.0, Culture=neutral, PublicKeyToken=null" name="CanRunMultipleTimes_JSHINT" />
    </UnitTest>
    <UnitTest name="CanMinifyJQuery" storage="d:\uglifycs_808ccbe561db\uglifycs.tests\bin\debug\uglifycs.tests.dll" id="6dbab27c-c34e-867d-1ee0-aa259074b410">
      <Execution id="ed782f02-e7e5-47e3-bb42-11691cf0e8ba" />
      <TestMethod codeBase="D:/uglifycs_808ccbe561db/UglifyCS.Tests/bin/Debug/UglifyCS.Tests.DLL" adapterTypeName="Microsoft.VisualStudio.TestTools.TestTypes.Unit.UnitTestAdapter, Microsoft.VisualStudio.QualityTools.Tips.UnitTest.Adapter, Version=10.0.0.0, Culture=neutral, PublicKeyToken=b03f5f7f11d50a3a" className="UglifyCS.Tests.UnitTest1, UglifyCS.Tests, Version=1.0.0.0, Culture=neutral, PublicKeyToken=null" name="CanMinifyJQuery" />
    </UnitTest>
    <UnitTest name="CanBeautify" storage="d:\uglifycs_808ccbe561db\uglifycs.tests\bin\debug\uglifycs.tests.dll" id="85393528-1f9f-6f5a-b1b6-18a8c50ab864">
      <Execution id="3d1ac817-1a82-485c-8833-d454355eb572" />
      <TestMethod codeBase="D:/uglifycs_808ccbe561db/UglifyCS.Tests/bin/Debug/UglifyCS.Tests.DLL" adapterTypeName="Microsoft.VisualStudio.TestTools.TestTypes.Unit.UnitTestAdapter, Microsoft.VisualStudio.QualityTools.Tips.UnitTest.Adapter, Version=10.0.0.0, Culture=neutral, PublicKeyToken=b03f5f7f11d50a3a" className="UglifyCS.Tests.UnitTest1, UglifyCS.Tests, Version=1.0.0.0, Culture=neutral, PublicKeyToken=null" name="CanBeautify" />
    </UnitTest>
    <UnitTest name="TestJSHintEvalIsEvil" storage="d:\uglifycs_808ccbe561db\uglifycs.tests\bin\debug\uglifycs.tests.dll" id="c529a9e3-8563-b028-f3fb-ac8edd9ef42b">
      <Execution id="755e70ec-de85-4357-97e0-0f9238923f40" />
      <TestMethod codeBase="D:/uglifycs_808ccbe561db/UglifyCS.Tests/bin/Debug/UglifyCS.Tests.DLL" adapterTypeName="Microsoft.VisualStudio.TestTools.TestTypes.Unit.UnitTestAdapter, Microsoft.VisualStudio.QualityTools.Tips.UnitTest.Adapter, Version=10.0.0.0, Culture=neutral, PublicKeyToken=b03f5f7f11d50a3a" className="UglifyCS.Tests.UnitTest1, UglifyCS.Tests, Version=1.0.0.0, Culture=neutral, PublicKeyToken=null" name="TestJSHintEvalIsEvil" />
    </UnitTest>
    <UnitTest name="TestCoffeeScript" storage="d:\uglifycs_808ccbe561db\uglifycs.tests\bin\debug\uglifycs.tests.dll" id="478553a7-37cf-efce-3715-9c2bbbe03863">
      <Execution id="696de928-d80b-4bc2-b2ee-d6eccf7fe231" />
      <TestMethod codeBase="D:/uglifycs_808ccbe561db/UglifyCS.Tests/bin/Debug/UglifyCS.Tests.DLL" adapterTypeName="Microsoft.VisualStudio.TestTools.TestTypes.Unit.UnitTestAdapter, Microsoft.VisualStudio.QualityTools.Tips.UnitTest.Adapter, Version=10.0.0.0, Culture=neutral, PublicKeyToken=b03f5f7f11d50a3a" className="UglifyCS.Tests.UnitTest1, UglifyCS.Tests, Version=1.0.0.0, Culture=neutral, PublicKeyToken=null" name="TestCoffeeScript" />
    </UnitTest>
    <UnitTest name="CanRunMultipleTimes" storage="d:\uglifycs_808ccbe561db\uglifycs.tests\bin\debug\uglifycs.tests.dll" id="c56fd249-56fc-c6c4-6659-bce036d843f3">
      <Execution id="3c4ea5f3-5c4a-428f-ad1e-c2793212374e" />
      <TestMethod codeBase="D:/uglifycs_808ccbe561db/UglifyCS.Tests/bin/Debug/UglifyCS.Tests.DLL" adapterTypeName="Microsoft.VisualStudio.TestTools.TestTypes.Unit.UnitTestAdapter, Microsoft.VisualStudio.QualityTools.Tips.UnitTest.Adapter, Version=10.0.0.0, Culture=neutral, PublicKeyToken=b03f5f7f11d50a3a" className="UglifyCS.Tests.UnitTest1, UglifyCS.Tests, Version=1.0.0.0, Culture=neutral, PublicKeyToken=null" name="CanRunMultipleTimes" />
    </UnitTest>
    <UnitTest name="TestCSSLint" storage="d:\uglifycs_808ccbe561db\uglifycs.tests\bin\debug\uglifycs.tests.dll" id="11baa9b6-0aeb-fa72-a24a-5aec6fc5bed9">
      <Execution id="25e8bac5-44f6-46d7-8610-6937b57e67e6" />
      <TestMethod codeBase="D:/uglifycs_808ccbe561db/UglifyCS.Tests/bin/Debug/UglifyCS.Tests.DLL" adapterTypeName="Microsoft.VisualStudio.TestTools.TestTypes.Unit.UnitTestAdapter, Microsoft.VisualStudio.QualityTools.Tips.UnitTest.Adapter, Version=10.0.0.0, Culture=neutral, PublicKeyToken=b03f5f7f11d50a3a" className="UglifyCS.Tests.UnitTest1, UglifyCS.Tests, Version=1.0.0.0, Culture=neutral, PublicKeyToken=null" name="TestCSSLint" />
    </UnitTest>
    <UnitTest name="TestJSUnit" storage="d:\uglifycs_808ccbe561db\uglifycs.tests\bin\debug\uglifycs.tests.dll" id="c93b6245-e753-674b-9782-a9b2dcfe4857">
      <Execution id="33d52ea7-2d35-455c-8c17-13d2057cca27" />
      <TestMethod codeBase="D:/uglifycs_808ccbe561db/UglifyCS.Tests/bin/Debug/UglifyCS.Tests.DLL" adapterTypeName="Microsoft.VisualStudio.TestTools.TestTypes.Unit.UnitTestAdapter, Microsoft.VisualStudio.QualityTools.Tips.UnitTest.Adapter, Version=10.0.0.0, Culture=neutral, PublicKeyToken=b03f5f7f11d50a3a" className="UglifyCS.Tests.UnitTest1, UglifyCS.Tests, Version=1.0.0.0, Culture=neutral, PublicKeyToken=null" name="TestJSUnit" />
    </UnitTest>
    <UnitTest name="BeautifyBadCode" storage="d:\uglifycs_808ccbe561db\uglifycs.tests\bin\debug\uglifycs.tests.dll" id="84b7dc81-1d26-50c6-b4a9-a8fd9442101c">
      <Execution id="0154f865-8d24-4085-9cec-b02fdcb17970" />
      <TestMethod codeBase="D:/uglifycs_808ccbe561db/UglifyCS.Tests/bin/Debug/UglifyCS.Tests.DLL" adapterTypeName="Microsoft.VisualStudio.TestTools.TestTypes.Unit.UnitTestAdapter, Microsoft.VisualStudio.QualityTools.Tips.UnitTest.Adapter, Version=10.0.0.0, Culture=neutral, PublicKeyToken=b03f5f7f11d50a3a" className="UglifyCS.Tests.UnitTest1, UglifyCS.Tests, Version=1.0.0.0, Culture=neutral, PublicKeyToken=null" name="BeautifyBadCode" />
    </UnitTest>
  </TestDefinitions>
  <TestLists>
    <TestList name="列表中未列出的结果" id="8c84fa94-04c1-424b-9868-57a2d4851a1d" />
    <TestList name="所有已加载的结果" id="19431567-8539-422a-85d7-44ee4e166bda" />
  </TestLists>
  <TestEntries>
    <TestEntry testId="c93b6245-e753-674b-9782-a9b2dcfe4857" executionId="33d52ea7-2d35-455c-8c17-13d2057cca27" testListId="8c84fa94-04c1-424b-9868-57a2d4851a1d" />
    <TestEntry testId="478553a7-37cf-efce-3715-9c2bbbe03863" executionId="696de928-d80b-4bc2-b2ee-d6eccf7fe231" testListId="8c84fa94-04c1-424b-9868-57a2d4851a1d" />
    <TestEntry testId="6dbab27c-c34e-867d-1ee0-aa259074b410" executionId="ed782f02-e7e5-47e3-bb42-11691cf0e8ba" testListId="8c84fa94-04c1-424b-9868-57a2d4851a1d" />
    <TestEntry testId="6d4537f0-152f-eecf-e0ac-45c599bda766" executionId="39230610-32a3-456b-9a64-82c8f00ef137" testListId="8c84fa94-04c1-424b-9868-57a2d4851a1d" />
    <TestEntry testId="84b7dc81-1d26-50c6-b4a9-a8fd9442101c" executionId="0154f865-8d24-4085-9cec-b02fdcb17970" testListId="8c84fa94-04c1-424b-9868-57a2d4851a1d" />
    <TestEntry testId="c529a9e3-8563-b028-f3fb-ac8edd9ef42b" executionId="755e70ec-de85-4357-97e0-0f9238923f40" testListId="8c84fa94-04c1-424b-9868-57a2d4851a1d" />
    <TestEntry testId="11baa9b6-0aeb-fa72-a24a-5aec6fc5bed9" executionId="25e8bac5-44f6-46d7-8610-6937b57e67e6" testListId="8c84fa94-04c1-424b-9868-57a2d4851a1d" />
    <TestEntry testId="ce6ca57e-f78f-bfe3-ac29-dc67a2568453" executionId="9fac6e44-66d4-4a32-befa-1a762c59a036" testListId="8c84fa94-04c1-424b-9868-57a2d4851a1d" />
    <TestEntry testId="d796ff9f-4be3-479a-5194-47469bf03d5a" executionId="c7c59c39-01b5-4add-87a7-46624b8490e0" testListId="8c84fa94-04c1-424b-9868-57a2d4851a1d" />
    <TestEntry testId="85393528-1f9f-6f5a-b1b6-18a8c50ab864" executionId="3d1ac817-1a82-485c-8833-d454355eb572" testListId="8c84fa94-04c1-424b-9868-57a2d4851a1d" />
    <TestEntry testId="c56fd249-56fc-c6c4-6659-bce036d843f3" executionId="3c4ea5f3-5c4a-428f-ad1e-c2793212374e" testListId="8c84fa94-04c1-424b-9868-57a2d4851a1d" />
    <TestEntry testId="dfc5d263-368e-9096-0133-7e8a5eac0f27" executionId="61b30865-5a25-4559-96ff-830c1611ff33" testListId="8c84fa94-04c1-424b-9868-57a2d4851a1d" />
  </TestEntries>
  <Results>
    <UnitTestResult executionId="33d52ea7-2d35-455c-8c17-13d2057cca27" testId="c93b6245-e753-674b-9782-a9b2dcfe4857" testName="TestJSUnit" computerName="2011-20120510TM" duration="00:00:00.5653018" startTime="2013-05-16T11:00:50.8021844+08:00" endTime="2013-05-16T11:00:53.2753259+08:00" testType="13cdc9d9-ddb5-4fa4-a97d-d965ccfc6d4b" outcome="Passed" testListId="8c84fa94-04c1-424b-9868-57a2d4851a1d" relativeResultsDirectory="33d52ea7-2d35-455c-8c17-13d2057cca27">
      <Output>
        <StdOut>System.IO.DirectoryNotFoundException: 未能找到路径“E:\Repos\DateTime\DateTime.js”的一部分。
   在 System.IO.__Error.WinIOError(Int32 errorCode, String maybeFullPath)
   在 System.IO.FileStream.Init(String path, FileMode mode, FileAccess access, Int32 rights, Boolean useRights, FileShare share, Int32 bufferSize, FileOptions options, SECURITY_ATTRIBUTES secAttrs, String msgPath, Boolean bFromProxy, Boolean useLongPath)
   在 System.IO.FileStream..ctor(String path, FileMode mode, FileAccess access, FileShare share, Int32 bufferSize, FileOptions options)
   在 System.IO.StreamReader..ctor(String path, Encoding encoding, Boolean detectEncodingFromByteOrderMarks, Int32 bufferSize)
   在 System.IO.StreamReader..ctor(String path, Encoding encoding)
   在 System.IO.File.InternalReadAllText(String path, Encoding encoding)
   在 System.IO.File.ReadAllText(String path)
   在 UglifyCS.Extensibility.GetContents(Uri uri) 位置 D:\uglifycs_808ccbe561db\UglifyCS\Extensibility.cs:行号 102
   在 UglifyCS.Extensibility.GetContents(Uri uri, String file) 位置 D:\uglifycs_808ccbe561db\UglifyCS\Extensibility.cs:行号 40
   在 UglifyCS.Environment.GetContents(String file) 位置 D:\uglifycs_808ccbe561db\UglifyCS\Environment.cs:行号 70
   在 UglifyCS.Environment.RunFile(String file) 位置 D:\uglifycs_808ccbe561db\UglifyCS\Environment.cs:行号 78
   在 UglifyCS.JSUnit.OnInit() 位置 D:\uglifycs_808ccbe561db\UglifyCS\JSUnit.cs:行号 21
   在 UglifyCS.Environment.Init() 位置 D:\uglifycs_808ccbe561db\UglifyCS\Environment.cs:行号 34
   在 UglifyCS.Environment.get_Context() 位置 D:\uglifycs_808ccbe561db\UglifyCS\Environment.cs:行号 42
   在 UglifyCS.Environment.Run(String script, Expression`1[] vars) 位置 D:\uglifycs_808ccbe561db\UglifyCS\Environment.cs:行号 66
   在 UglifyCS.JSUnit.Assert(String condition) 位置 D:\uglifycs_808ccbe561db\UglifyCS\JSUnit.cs:行号 28
   在 UglifyCS.Tests.UnitTest1.TestJSUnit() 位置 D:\uglifycs_808ccbe561db\UglifyCS.Tests\UnitTest1.cs:行号 43</StdOut>
      </Output>
    </UnitTestResult>
    <UnitTestResult executionId="696de928-d80b-4bc2-b2ee-d6eccf7fe231" testId="478553a7-37cf-efce-3715-9c2bbbe03863" testName="TestCoffeeScript" computerName="2011-20120510TM" duration="00:00:11.6589993" startTime="2013-05-16T11:00:53.2963271+08:00" endTime="2013-05-16T11:01:04.9609943+08:00" testType="13cdc9d9-ddb5-4fa4-a97d-d965ccfc6d4b" outcome="Passed" testListId="8c84fa94-04c1-424b-9868-57a2d4851a1d" relativeResultsDirectory="696de928-d80b-4bc2-b2ee-d6eccf7fe231">
    </UnitTestResult>
    <UnitTestResult executionId="ed782f02-e7e5-47e3-bb42-11691cf0e8ba" testId="6dbab27c-c34e-867d-1ee0-aa259074b410" testName="CanMinifyJQuery" computerName="2011-20120510TM" duration="00:00:36.6180945" startTime="2013-05-16T11:01:05.0389987+08:00" endTime="2013-05-16T11:01:41.6570932+08:00" testType="13cdc9d9-ddb5-4fa4-a97d-d965ccfc6d4b" outcome="Aborted" testListId="8c84fa94-04c1-424b-9868-57a2d4851a1d" relativeResultsDirectory="ed782f02-e7e5-47e3-bb42-11691cf0e8ba">
    </UnitTestResult>
    <UnitTestResult executionId="39230610-32a3-456b-9a64-82c8f00ef137" testId="6d4537f0-152f-eecf-e0ac-45c599bda766" testName="MinifyBadCode" computerName="2011-20120510TM" testType="13cdc9d9-ddb5-4fa4-a97d-d965ccfc6d4b" outcome="NotExecuted" testListId="8c84fa94-04c1-424b-9868-57a2d4851a1d" relativeResultsDirectory="39230610-32a3-456b-9a64-82c8f00ef137">
    </UnitTestResult>
    <UnitTestResult executionId="0154f865-8d24-4085-9cec-b02fdcb17970" testId="84b7dc81-1d26-50c6-b4a9-a8fd9442101c" testName="BeautifyBadCode" computerName="2011-20120510TM" testType="13cdc9d9-ddb5-4fa4-a97d-d965ccfc6d4b" outcome="NotExecuted" testListId="8c84fa94-04c1-424b-9868-57a2d4851a1d" relativeResultsDirectory="0154f865-8d24-4085-9cec-b02fdcb17970">
    </UnitTestResult>
    <UnitTestResult executionId="755e70ec-de85-4357-97e0-0f9238923f40" testId="c529a9e3-8563-b028-f3fb-ac8edd9ef42b" testName="TestJSHintEvalIsEvil" computerName="2011-20120510TM" testType="13cdc9d9-ddb5-4fa4-a97d-d965ccfc6d4b" outcome="NotExecuted" testListId="8c84fa94-04c1-424b-9868-57a2d4851a1d" relativeResultsDirectory="755e70ec-de85-4357-97e0-0f9238923f40">
    </UnitTestResult>
    <UnitTestResult executionId="25e8bac5-44f6-46d7-8610-6937b57e67e6" testId="11baa9b6-0aeb-fa72-a24a-5aec6fc5bed9" testName="TestCSSLint" computerName="2011-20120510TM" testType="13cdc9d9-ddb5-4fa4-a97d-d965ccfc6d4b" outcome="NotExecuted" testListId="8c84fa94-04c1-424b-9868-57a2d4851a1d" relativeResultsDirectory="25e8bac5-44f6-46d7-8610-6937b57e67e6">
    </UnitTestResult>
    <UnitTestResult executionId="9fac6e44-66d4-4a32-befa-1a762c59a036" testId="ce6ca57e-f78f-bfe3-ac29-dc67a2568453" testName="TestJSHintOK" computerName="2011-20120510TM" testType="13cdc9d9-ddb5-4fa4-a97d-d965ccfc6d4b" outcome="NotExecuted" testListId="8c84fa94-04c1-424b-9868-57a2d4851a1d" relativeResultsDirectory="9fac6e44-66d4-4a32-befa-1a762c59a036">
    </UnitTestResult>
    <UnitTestResult executionId="c7c59c39-01b5-4add-87a7-46624b8490e0" testId="d796ff9f-4be3-479a-5194-47469bf03d5a" testName="TestJSHintOptions" computerName="2011-20120510TM" testType="13cdc9d9-ddb5-4fa4-a97d-d965ccfc6d4b" outcome="NotExecuted" testListId="8c84fa94-04c1-424b-9868-57a2d4851a1d" relativeResultsDirectory="c7c59c39-01b5-4add-87a7-46624b8490e0">
    </UnitTestResult>
    <UnitTestResult executionId="3d1ac817-1a82-485c-8833-d454355eb572" testId="85393528-1f9f-6f5a-b1b6-18a8c50ab864" testName="CanBeautify" computerName="2011-20120510TM" testType="13cdc9d9-ddb5-4fa4-a97d-d965ccfc6d4b" outcome="NotExecuted" testListId="8c84fa94-04c1-424b-9868-57a2d4851a1d" relativeResultsDirectory="3d1ac817-1a82-485c-8833-d454355eb572">
    </UnitTestResult>
    <UnitTestResult executionId="3c4ea5f3-5c4a-428f-ad1e-c2793212374e" testId="c56fd249-56fc-c6c4-6659-bce036d843f3" testName="CanRunMultipleTimes" computerName="2011-20120510TM" testType="13cdc9d9-ddb5-4fa4-a97d-d965ccfc6d4b" outcome="NotExecuted" testListId="8c84fa94-04c1-424b-9868-57a2d4851a1d" relativeResultsDirectory="3c4ea5f3-5c4a-428f-ad1e-c2793212374e">
    </UnitTestResult>
    <UnitTestResult executionId="61b30865-5a25-4559-96ff-830c1611ff33" testId="dfc5d263-368e-9096-0133-7e8a5eac0f27" testName="CanRunMultipleTimes_JSHINT" computerName="2011-20120510TM" testType="13cdc9d9-ddb5-4fa4-a97d-d965ccfc6d4b" outcome="NotExecuted" testListId="8c84fa94-04c1-424b-9868-57a2d4851a1d" relativeResultsDirectory="61b30865-5a25-4559-96ff-830c1611ff33">
    </UnitTestResult>
  </Results>
</TestRun>